# JRE version: OpenJDK Runtime Environment (8.0_242-b01) (build 1.8.0_242-release-1644-b01)
# Java VM: OpenJDK 64-Bit Server VM (25.242-b01 mixed mode windows-amd64 compressed oops)
Heap:
 PSYoungGen      total 493568K, used 32168K [0x00000000e0000000, 0x0000000100000000, 0x0000000100000000)
  eden space 469504K, 6% used [0x00000000e0000000,0x00000000e1f6a238,0x00000000fca80000)
  from space 24064K, 0% used [0x00000000fca80000,0x00000000fca80000,0x00000000fe200000)
  to   space 28160K, 0% used [0x00000000fe480000,0x00000000fe480000,0x0000000100000000)
 ParOldGen       total 67072K, used 38352K [0x00000000a0000000, 0x00000000a4180000, 0x00000000e0000000)
  object space 67072K, 57% used [0x00000000a0000000,0x00000000a25741c8,0x00000000a4180000)
 Metaspace       used 57554K, capacity 59658K, committed 59944K, reserved 1101824K
  class space    used 7822K, capacity 8389K, committed 8488K, reserved 1048576K
GC Heap History (10 events):
Event: 33.996 GC heap before
{Heap before GC invocations=8 (full 1):
 PSYoungGen      total 264704K, used 91715K [0x00000000e0000000, 0x00000000f1a80000, 0x0000000100000000)
  eden space 251392K, 31% used [0x00000000e0000000,0x00000000e4cf87a0,0x00000000ef580000)
  from space 13312K, 96% used [0x00000000f0d80000,0x00000000f1a185f8,0x00000000f1a80000)
  to   space 15872K, 0% used [0x00000000efb80000,0x00000000efb80000,0x00000000f0b00000)
 ParOldGen       total 50688K, used 7163K [0x00000000a0000000, 0x00000000a3180000, 0x00000000e0000000)
  object space 50688K, 14% used [0x00000000a0000000,0x00000000a06feca8,0x00000000a3180000)
 Metaspace       used 34672K, capacity 35438K, committed 35496K, reserved 1079296K
  class space    used 4721K, capacity 4978K, committed 5032K, reserved 1048576K
Event: 34.039 GC heap after
Heap after GC invocations=8 (full 1):
 PSYoungGen      total 273408K, used 12312K [0x00000000e0000000, 0x00000000ff300000, 0x0000000100000000)
  eden space 257536K, 0% used [0x00000000e0000000,0x00000000e0000000,0x00000000efb80000)
  from space 15872K, 77% used [0x00000000efb80000,0x00000000f07863a8,0x00000000f0b00000)
  to   space 17408K, 0% used [0x00000000fe200000,0x00000000fe200000,0x00000000ff300000)
 ParOldGen       total 50688K, used 7171K [0x00000000a0000000, 0x00000000a3180000, 0x00000000e0000000)
  object space 50688K, 14% used [0x00000000a0000000,0x00000000a0700ca8,0x00000000a3180000)
 Metaspace       used 34672K, capacity 35438K, committed 35496K, reserved 1079296K
  class space    used 4721K, capacity 4978K, committed 5032K, reserved 1048576K
}
Event: 34.039 GC heap before
{Heap before GC invocations=9 (full 2):
 PSYoungGen      total 273408K, used 12312K [0x00000000e0000000, 0x00000000ff300000, 0x0000000100000000)
  eden space 257536K, 0% used [0x00000000e0000000,0x00000000e0000000,0x00000000efb80000)
  from space 15872K, 77% used [0x00000000efb80000,0x00000000f07863a8,0x00000000f0b00000)
  to   space 17408K, 0% used [0x00000000fe200000,0x00000000fe200000,0x00000000ff300000)
 ParOldGen       total 50688K, used 7171K [0x00000000a0000000, 0x00000000a3180000, 0x00000000e0000000)
  object space 50688K, 14% used [0x00000000a0000000,0x00000000a0700ca8,0x00000000a3180000)
 Metaspace       used 34672K, capacity 35438K, committed 35496K, reserved 1079296K
  class space    used 4721K, capacity 4978K, committed 5032K, reserved 1048576K
Event: 34.359 GC heap after
Heap after GC invocations=9 (full 2):
 PSYoungGen      total 273408K, used 0K [0x00000000e0000000, 0x00000000ff300000, 0x0000000100000000)
  eden space 257536K, 0% used [0x00000000e0000000,0x00000000e0000000,0x00000000efb80000)
  from space 15872K, 0% used [0x00000000efb80000,0x00000000efb80000,0x00000000f0b00000)
  to   space 17408K, 0% used [0x00000000fe200000,0x00000000fe200000,0x00000000ff300000)
 ParOldGen       total 67072K, used 18949K [0x00000000a0000000, 0x00000000a4180000, 0x00000000e0000000)
  object space 67072K, 28% used [0x00000000a0000000,0x00000000a1281788,0x00000000a4180000)
 Metaspace       used 34672K, capacity 35438K, committed 35496K, reserved 1079296K
  class space    used 4721K, capacity 4978K, committed 5032K, reserved 1048576K
}
Event: 58.469 GC heap before
{Heap before GC invocations=10 (full 2):
 PSYoungGen      total 273408K, used 257536K [0x00000000e0000000, 0x00000000ff300000, 0x0000000100000000)
  eden space 257536K, 100% used [0x00000000e0000000,0x00000000efb80000,0x00000000efb80000)
  from space 15872K, 0% used [0x00000000efb80000,0x00000000efb80000,0x00000000f0b00000)
  to   space 17408K, 0% used [0x00000000fe200000,0x00000000fe200000,0x00000000ff300000)
 ParOldGen       total 67072K, used 18949K [0x00000000a0000000, 0x00000000a4180000, 0x00000000e0000000)
  object space 67072K, 28% used [0x00000000a0000000,0x00000000a1281788,0x00000000a4180000)
 Metaspace       used 52541K, capacity 54134K, committed 54440K, reserved 1095680K
  class space    used 7117K, capacity 7560K, committed 7592K, reserved 1048576K
Event: 60.235 GC heap after
Heap after GC invocations=10 (full 2):
 PSYoungGen      total 486912K, used 17390K [0x00000000e0000000, 0x0000000100000000, 0x0000000100000000)
  eden space 469504K, 0% used [0x00000000e0000000,0x00000000e0000000,0x00000000fca80000)
  from space 17408K, 99% used [0x00000000fe200000,0x00000000ff2fbb98,0x00000000ff300000)
  to   space 24064K, 0% used [0x00000000fca80000,0x00000000fca80000,0x00000000fe200000)
 ParOldGen       total 67072K, used 28288K [0x00000000a0000000, 0x00000000a4180000, 0x00000000e0000000)
  object space 67072K, 42% used [0x00000000a0000000,0x00000000a1ba0198,0x00000000a4180000)
 Metaspace       used 52541K, capacity 54134K, committed 54440K, reserved 1095680K
  class space    used 7117K, capacity 7560K, committed 7592K, reserved 1048576K
}
Event: 72.528 GC heap before
{Heap before GC invocations=11 (full 2):
 PSYoungGen      total 486912K, used 135698K [0x00000000e0000000, 0x0000000100000000, 0x0000000100000000)
  eden space 469504K, 25% used [0x00000000e0000000,0x00000000e7388c98,0x00000000fca80000)
  from space 17408K, 99% used [0x00000000fe200000,0x00000000ff2fbb98,0x00000000ff300000)
  to   space 24064K, 0% used [0x00000000fca80000,0x00000000fca80000,0x00000000fe200000)
 ParOldGen       total 67072K, used 28288K [0x00000000a0000000, 0x00000000a4180000, 0x00000000e0000000)
  object space 67072K, 42% used [0x00000000a0000000,0x00000000a1ba0198,0x00000000a4180000)
 Metaspace       used 56994K, capacity 59066K, committed 59160K, reserved 1099776K
  class space    used 7729K, capacity 8289K, committed 8360K, reserved 1048576K
Event: 72.921 GC heap after
Heap after GC invocations=11 (full 2):
 PSYoungGen      total 493568K, used 24057K [0x00000000e0000000, 0x0000000100000000, 0x0000000100000000)
  eden space 469504K, 0% used [0x00000000e0000000,0x00000000e0000000,0x00000000fca80000)
  from space 24064K, 99% used [0x00000000fca80000,0x00000000fe1fe6b8,0x00000000fe200000)
  to   space 28160K, 0% used [0x00000000fe480000,0x00000000fe480000,0x0000000100000000)
 ParOldGen       total 67072K, used 28586K [0x00000000a0000000, 0x00000000a4180000, 0x00000000e0000000)
  object space 67072K, 42% used [0x00000000a0000000,0x00000000a1beaa60,0x00000000a4180000)
 Metaspace       used 56994K, capacity 59066K, committed 59160K, reserved 1099776K
  class space    used 7729K, capacity 8289K, committed 8360K, reserved 1048576K
}
Event: 73.124 GC heap before
{Heap before GC invocations=12 (full 3):
 PSYoungGen      total 493568K, used 24057K [0x00000000e0000000, 0x0000000100000000, 0x0000000100000000)
  eden space 469504K, 0% used [0x00000000e0000000,0x00000000e0000000,0x00000000fca80000)
  from space 24064K, 99% used [0x00000000fca80000,0x00000000fe1fe6b8,0x00000000fe200000)
  to   space 28160K, 0% used [0x00000000fe480000,0x00000000fe480000,0x0000000100000000)
 ParOldGen       total 67072K, used 28586K [0x00000000a0000000, 0x00000000a4180000, 0x00000000e0000000)
  object space 67072K, 42% used [0x00000000a0000000,0x00000000a1beaa60,0x00000000a4180000)
 Metaspace       used 56994K, capacity 59066K, committed 59160K, reserved 1099776K
  class space    used 7729K, capacity 8289K, committed 8360K, reserved 1048576K
Event: 74.274 GC heap after
Heap after GC invocations=12 (full 3):
 PSYoungGen      total 493568K, used 0K [0x00000000e0000000, 0x0000000100000000, 0x0000000100000000)
  eden space 469504K, 0% used [0x00000000e0000000,0x00000000e0000000,0x00000000fca80000)
  from space 24064K, 0% used [0x00000000fca80000,0x00000000fca80000,0x00000000fe200000)
  to   space 28160K, 0% used [0x00000000fe480000,0x00000000fe480000,0x0000000100000000)
 ParOldGen       total 67072K, used 38352K [0x00000000a0000000, 0x00000000a4180000, 0x00000000e0000000)
  object space 67072K, 57% used [0x00000000a0000000,0x00000000a25741c8,0x00000000a4180000)
 Metaspace       used 56994K, capacity 59066K, committed 59160K, reserved 1099776K
  class space    used 7729K, capacity 8289K, committed 8360K, reserved 1048576K
}

